[0.059s] Invoking command in '/app/project/build/cv_bridge': CMAKE_PREFIX_PATH=${CMAKE_PREFIX_PATH}:/opt/ros/foxy /usr/bin/cmake /app/project/doc_exemple/ws/src/vision_opencv/cv_bridge -DCMAKE_INSTALL_PREFIX=/app/project/install/cv_bridge
[0.229s] -- The C compiler identification is GNU 9.4.0
[0.354s] -- The CXX compiler identification is GNU 9.4.0
[0.361s] -- Check for working C compiler: /usr/bin/cc
[0.436s] -- Check for working C compiler: /usr/bin/cc -- works
[0.440s] -- Detecting C compiler ABI info
[0.514s] -- Detecting C compiler ABI info - done
[0.522s] -- Detecting C compile features
[0.522s] -- Detecting C compile features - done
[0.524s] -- Check for working CXX compiler: /usr/bin/c++
[0.609s] -- Check for working CXX compiler: /usr/bin/c++ -- works
[0.610s] -- Detecting CXX compiler ABI info
[0.695s] -- Detecting CXX compiler ABI info - done
[0.703s] -- Detecting CXX compile features
[0.704s] -- Detecting CXX compile features - done
[0.707s] -- Found ament_cmake_ros: 0.9.2 (/opt/ros/foxy/share/ament_cmake_ros/cmake)
[0.746s] -- Found PythonInterp: /usr/bin/python3 (found suitable version "3.8.10", minimum required is "3") 
[0.746s] -- Using PYTHON_EXECUTABLE: /usr/bin/python3
[1.410s] -- Found Python3: /usr/lib/x86_64-linux-gnu/libpython3.8.so (found version "3.8.10") found components: Development NumPy Interpreter 
[1.433s] -- Found Boost: /usr/lib/x86_64-linux-gnu/cmake/Boost-1.71.0/BoostConfig.cmake (found version "1.71.0") found components: python38 
[1.436s] -- Found rclcpp: 2.4.3 (/opt/ros/foxy/share/rclcpp/cmake)
[1.487s] -- Using all available rosidl_typesupport_c: rosidl_typesupport_fastrtps_c;rosidl_typesupport_introspection_c
[1.495s] -- Found rosidl_adapter: 1.3.1 (/opt/ros/foxy/share/rosidl_adapter/cmake)
[1.609s] -- Found OpenSSL: /usr/lib/x86_64-linux-gnu/libcrypto.so (found version "1.1.1f")  
[1.649s] -- Found FastRTPS: /opt/ros/foxy/include  
[1.744s] -- Using all available rosidl_typesupport_cpp: rosidl_typesupport_fastrtps_cpp;rosidl_typesupport_introspection_cpp
[1.802s] -- Found rmw_implementation_cmake: 1.0.4 (/opt/ros/foxy/share/rmw_implementation_cmake/cmake)
[1.804s] -- Using RMW implementation 'rmw_fastrtps_cpp' as default
[1.806s] -- Looking for pthread.h
[1.888s] -- Looking for pthread.h - found
[1.888s] -- Performing Test CMAKE_HAVE_LIBC_PTHREAD
[1.968s] -- Performing Test CMAKE_HAVE_LIBC_PTHREAD - Failed
[1.968s] -- Looking for pthread_create in pthreads
[2.035s] -- Looking for pthread_create in pthreads - not found
[2.035s] -- Looking for pthread_create in pthread
[2.110s] -- Looking for pthread_create in pthread - found
[2.111s] -- Found Threads: TRUE  
[2.255s] -- Found sensor_msgs: 2.0.5 (/opt/ros/foxy/share/sensor_msgs/cmake)
[2.392s] -- Performing Test COMPILER_HAS_HIDDEN_VISIBILITY
[2.483s] -- Performing Test COMPILER_HAS_HIDDEN_VISIBILITY - Success
[2.484s] -- Performing Test COMPILER_HAS_HIDDEN_INLINE_VISIBILITY
[2.578s] -- Performing Test COMPILER_HAS_HIDDEN_INLINE_VISIBILITY - Success
[2.578s] -- Performing Test COMPILER_HAS_DEPRECATED_ATTR
[2.671s] -- Performing Test COMPILER_HAS_DEPRECATED_ATTR - Success
[2.678s] -- Found ament_lint_auto: 0.9.8 (/opt/ros/foxy/share/ament_lint_auto/cmake)
[2.767s] -- Found gtest sources under '/opt/ros/foxy/src/gtest_vendor': C++ tests using 'Google Test' will be built
[2.770s] -- Check if compiler accepts -pthread
[2.859s] -- Check if compiler accepts -pthread - yes
[4.156s] -- Configuring done
[4.177s] -- Generating done
[4.179s] -- Build files have been written to: /app/project/build/cv_bridge
[4.191s] Invoked command in '/app/project/build/cv_bridge' returned '0': CMAKE_PREFIX_PATH=${CMAKE_PREFIX_PATH}:/opt/ros/foxy /usr/bin/cmake /app/project/doc_exemple/ws/src/vision_opencv/cv_bridge -DCMAKE_INSTALL_PREFIX=/app/project/install/cv_bridge
[4.193s] Invoking command in '/app/project/build/cv_bridge': CMAKE_PREFIX_PATH=${CMAKE_PREFIX_PATH}:/opt/ros/foxy /usr/bin/cmake --build /app/project/build/cv_bridge -- -j16 -l16
[4.243s] [35m[1mScanning dependencies of target gtest_main[0m
[4.243s] [35m[1mScanning dependencies of target gtest[0m
[4.243s] [35m[1mScanning dependencies of target cv_bridge[0m
[4.259s] [  5%] [32mBuilding CXX object gtest/CMakeFiles/gtest_main.dir/src/gtest_main.cc.o[0m
[4.262s] [ 11%] [32mBuilding CXX object gtest/CMakeFiles/gtest.dir/src/gtest-all.cc.o[0m
[4.285s] [ 22%] [32mBuilding CXX object src/CMakeFiles/cv_bridge.dir/cv_bridge.cpp.o[0m
[4.285s] [ 22%] [32mBuilding CXX object src/CMakeFiles/cv_bridge.dir/cv_mat_sensor_msgs_image_type_adapter.cpp.o[0m
[4.286s] [ 27%] [32mBuilding CXX object src/CMakeFiles/cv_bridge.dir/rgb_colors.cpp.o[0m
[4.375s] In file included from [01m[K/app/project/doc_exemple/ws/src/vision_opencv/cv_bridge/src/cv_mat_sensor_msgs_image_type_adapter.cpp:26[m[K:
[4.376s] [01m[K/app/project/doc_exemple/ws/src/vision_opencv/cv_bridge/src/../include/cv_bridge/cv_mat_sensor_msgs_image_type_adapter.hpp:24:10:[m[K [01;31m[Kfatal error: [m[Krclcpp/type_adapter.hpp: No such file or directory
[4.376s]    24 | #include [01;31m[K"rclcpp/type_adapter.hpp"[m[K
[4.376s]       |          [01;31m[K^~~~~~~~~~~~~~~~~~~~~~~~~[m[K
[4.376s] compilation terminated.
[4.378s] make[2]: *** [src/CMakeFiles/cv_bridge.dir/build.make:76: src/CMakeFiles/cv_bridge.dir/cv_mat_sensor_msgs_image_type_adapter.cpp.o] Error 1
[4.378s] make[2]: *** Waiting for unfinished jobs....
[5.216s] [ 33%] [32m[1mLinking CXX static library libgtest_main.a[0m
[5.260s] [ 33%] Built target gtest_main
[7.868s] [ 38%] [32m[1mLinking CXX static library libgtest.a[0m
[7.951s] [ 38%] Built target gtest
[8.917s] make[1]: *** [CMakeFiles/Makefile2:221: src/CMakeFiles/cv_bridge.dir/all] Error 2
[8.917s] make: *** [Makefile:141: all] Error 2
[8.920s] Invoked command in '/app/project/build/cv_bridge' returned '2': CMAKE_PREFIX_PATH=${CMAKE_PREFIX_PATH}:/opt/ros/foxy /usr/bin/cmake --build /app/project/build/cv_bridge -- -j16 -l16
