In file included from [01m[K/app/project/doc_exemple/ws/src/vision_opencv/cv_bridge/src/cv_mat_sensor_msgs_image_type_adapter.cpp:26[m[K:
[01m[K/app/project/doc_exemple/ws/src/vision_opencv/cv_bridge/src/../include/cv_bridge/cv_mat_sensor_msgs_image_type_adapter.hpp:24:10:[m[K [01;31m[Kfatal error: [m[Krclcpp/type_adapter.hpp: No such file or directory
   24 | #include [01;31m[K"rclcpp/type_adapter.hpp"[m[K
      |          [01;31m[K^~~~~~~~~~~~~~~~~~~~~~~~~[m[K
compilation terminated.
make[2]: *** [src/CMakeFiles/cv_bridge.dir/build.make:76: src/CMakeFiles/cv_bridge.dir/cv_mat_sensor_msgs_image_type_adapter.cpp.o] Error 1
make[1]: *** [CMakeFiles/Makefile2:221: src/CMakeFiles/cv_bridge.dir/all] Error 2
make: *** [Makefile:141: all] Error 2
